#
# There is insufficient memory for the Java Runtime Environment to continue.
# Native memory allocation (mmap) failed to map 67108864 bytes for Failed to commit area from 0x00000000c1c00000 to 0x00000000c5c00000 of length 67108864.
# Possible reasons:
#   The system is out of physical RAM or swap space
#   The process is running with CompressedOops enabled, and the Java Heap may be blocking the growth of the native heap
# Possible solutions:
#   Reduce memory load on the system
#   Increase physical memory or swap space
#   Check if swap backing store is full
#   Decrease Java heap size (-Xmx/-Xms)
#   Decrease number of Java threads
#   Decrease Java thread stack sizes (-Xss)
#   Set larger code cache with -XX:ReservedCodeCacheSize=
# This output file may be truncated or incomplete.
#
#  Out of Memory Error (t:/workspace/hotspot/src/os/windows/vm/os_windows.cpp:3357), pid=15144, tid=9580
#
# JRE version:  (9.0+11) (build )
# Java VM: Java HotSpot(TM) 64-Bit Server VM (9.0.4+11, mixed mode, tiered, compressed oops, g1 gc, windows-amd64)
# No core dump will be written. Minidumps are not enabled by default on client versions of Windows
#

---------------  S U M M A R Y ------------

Command Line: -XX:TieredStopAtLevel=1 -Xverify:none -Dspring.output.ansi.enabled=always -Dcom.sun.management.jmxremote -Dspring.jmx.enabled=true -Dspring.liveBeansView.mbeanDomain -Dspring.application.admin.enabled=true -javaagent:D:\IDEA\IntelliJ IDEA 2019.3.1\lib\idea_rt.jar=62122:D:\IDEA\IntelliJ IDEA 2019.3.1\bin -Dfile.encoding=UTF-8 com.guineap_pig_329.guinea_pig.GuineaPigApplication

Host: Intel(R) Core(TM) i5-6200U CPU @ 2.30GHz, 4 cores, 3G,  Windows 10 , 64 bit Build 17134 (10.0.17134.753)
Time: Mon Jan 06 10:25:45 2020 ?D1ú±ê×?ê±?? elapsed time: 0 seconds (0d 0h 0m 0s)

---------------  T H R E A D  ---------------

Current thread (0x000001c1865b8800):  JavaThread "Unknown thread" [_thread_in_vm, id=9580, stack(0x00000029bab00000,0x00000029bac00000)]

Stack: [0x00000029bab00000,0x00000029bac00000]
Native frames: (J=compiled Java code, j=interpreted, Vv=VM code, C=native code)
V  [jvm.dll+0x587068]
V  [jvm.dll+0x69c25e]
V  [jvm.dll+0x69d17a]
V  [jvm.dll+0x69d7b3]
V  [jvm.dll+0x21d198]
V  [jvm.dll+0x584bb4]
V  [jvm.dll+0x57a095]
V  [jvm.dll+0x2cd67b]
V  [jvm.dll+0x2cd5e3]
V  [jvm.dll+0x2cd4b2]
V  [jvm.dll+0x2cf4b3]
V  [jvm.dll+0x3191e3]
V  [jvm.dll+0x3198f6]
V  [jvm.dll+0x3192e3]
V  [jvm.dll+0x2adeb8]
V  [jvm.dll+0x2af0e7]
V  [jvm.dll+0x67b34d]
V  [jvm.dll+0x67c70c]
V  [jvm.dll+0x3269c9]
V  [jvm.dll+0x66555e]
V  [jvm.dll+0x391811]
V  [jvm.dll+0x3937c1]
C  [java.exe+0x34f1]
C  [java.exe+0xe24f]
C  [java.exe+0xe3f6]
C  [KERNEL32.DLL+0x14034]
C  [ntdll.dll+0x73691]


---------------  P R O C E S S  ---------------

Java Threads: ( => current thread )

Other Threads:
  0x000001c1865ce000 GCTaskThread "GC Thread#0" [stack: 0x00000029bac00000,0x00000029bad00000] [id=12380]
  0x000001c1865cf800 GCTaskThread "GC Thread#1" [stack: 0x00000029bad00000,0x00000029bae00000] [id=10960]
  0x000001c1865d1000 GCTaskThread "GC Thread#2" [stack: 0x00000029bae00000,0x00000029baf00000] [id=11164]
  0x000001c1865d3800 GCTaskThread "GC Thread#3" [stack: 0x00000029baf00000,0x00000029bb000000] [id=15700]
  0x000001c186616000 ConcurrentGCThread "G1 Main Marker" [stack: 0x00000029bb500000,0x00000029bb600000] [id=8232]
  0x000001c186617800 ConcurrentGCThread "G1 Marker#0" [stack: 0x00000029bb600000,0x00000029bb700000] [id=11156]
  0x000001c1865dd000 ConcurrentGCThread "G1 Refine#0" [stack: 0x00000029bb300000,0x00000029bb400000] [id=7668]
  0x000001c1865db800 ConcurrentGCThread "G1 Refine#1" [stack: 0x00000029bb200000,0x00000029bb300000] [id=7148]
  0x000001c1865d7000 ConcurrentGCThread "G1 Refine#2" [stack: 0x00000029bb100000,0x00000029bb200000] [id=8292]
  0x000001c1865d6000 ConcurrentGCThread "G1 Refine#3" [stack: 0x00000029bb000000,0x00000029bb100000] [id=14596]
  0x000001c1865de000 ConcurrentGCThread "G1 Young RemSet Sampling" [stack: 0x00000029bb400000,0x00000029bb500000] [id=16672]

=>0x000001c1865b8800 (exited) JavaThread "Unknown thread" [_thread_in_vm, id=9580, stack(0x00000029bab00000,0x00000029bac00000)]

Threads with active compile tasks:

VM state:not at safepoint (not fully initialized)

VM Mutex/Monitor currently owned by a thread:  ([mutex/lock_event])
[0x000001c1865b6010] Heap_lock - owner thread: 0x000001c1865b8800

Heap address: 0x00000000c1c00000, size: 996 MB, Compressed Oops mode: Non-zero based: 0x00000000c1c00000
Narrow klass base: 0x0000000000000000, Narrow klass shift: 0

GC Heap History (0 events):
No events

Deoptimization events (0 events):
No events

Classes redefined (0 events):
No events

Internal exceptions (0 events):
No events

Events (0 events):
No events


Dynamic libraries:
0x00007ff6b6e10000 - 0x00007ff6b6e4e000 	D:\Java\jdk9.0.4\bin\java.exe
0x00007ffcdb3b0000 - 0x00007ffcdb591000 	C:\WINDOWS\SYSTEM32\ntdll.dll
0x00007ffcd8e30000 - 0x00007ffcd8ee1000 	C:\WINDOWS\System32\KERNEL32.DLL
0x00007ffcd7780000 - 0x00007ffcd79f3000 	C:\WINDOWS\System32\KERNELBASE.dll
0x00007ffcda450000 - 0x00007ffcda4f1000 	C:\WINDOWS\System32\ADVAPI32.dll
0x00007ffcdac20000 - 0x00007ffcdacbe000 	C:\WINDOWS\System32\msvcrt.dll
0x00007ffcd89a0000 - 0x00007ffcd89fb000 	C:\WINDOWS\System32\sechost.dll
0x00007ffcda920000 - 0x00007ffcdaa44000 	C:\WINDOWS\System32\RPCRT4.dll
0x00007ffcdb110000 - 0x00007ffcdb2a0000 	C:\WINDOWS\System32\USER32.dll
0x00007ffcd8630000 - 0x00007ffcd8650000 	C:\WINDOWS\System32\win32u.dll
0x00007ffcd8f10000 - 0x00007ffcd8f38000 	C:\WINDOWS\System32\GDI32.dll
0x00007ffcd7b20000 - 0x00007ffcd7cb1000 	C:\WINDOWS\System32\gdi32full.dll
0x00007ffcd7a80000 - 0x00007ffcd7b1f000 	C:\WINDOWS\System32\msvcp_win.dll
0x00007ffcd84d0000 - 0x00007ffcd85c8000 	C:\WINDOWS\System32\ucrtbase.dll
0x00007ffcc7840000 - 0x00007ffcc7aa9000 	C:\WINDOWS\WinSxS\amd64_microsoft.windows.common-controls_6595b64144ccf1df_6.0.17134.829_none_fb46a5473061b9d5\COMCTL32.dll
0x00007ffcda560000 - 0x00007ffcda882000 	C:\WINDOWS\System32\combase.dll
0x00007ffcd7a00000 - 0x00007ffcd7a7a000 	C:\WINDOWS\System32\bcryptPrimitives.dll
0x00007ffccbce0000 - 0x00007ffccbcea000 	C:\WINDOWS\SYSTEM32\VERSION.dll
0x00007ffcdabf0000 - 0x00007ffcdac1d000 	C:\WINDOWS\System32\IMM32.DLL
0x00007ffcbe5c0000 - 0x00007ffcbe6af000 	D:\Java\jdk9.0.4\bin\msvcr120.dll
0x00007ffcc1110000 - 0x00007ffcc11b6000 	D:\Java\jdk9.0.4\bin\msvcp120.dll
0x0000000064410000 - 0x0000000064e35000 	D:\Java\jdk9.0.4\bin\server\jvm.dll
0x00007ffcd88e0000 - 0x00007ffcd88e8000 	C:\WINDOWS\System32\PSAPI.DLL
0x00007ffcd62c0000 - 0x00007ffcd62c9000 	C:\WINDOWS\SYSTEM32\WSOCK32.dll
0x00007ffcdb300000 - 0x00007ffcdb36c000 	C:\WINDOWS\System32\WS2_32.dll
0x00007ffcd5060000 - 0x00007ffcd5083000 	C:\WINDOWS\SYSTEM32\WINMM.dll
0x00007ffcd4f10000 - 0x00007ffcd4f3a000 	C:\WINDOWS\SYSTEM32\WINMMBASE.dll
0x00007ffcd7cc0000 - 0x00007ffcd7d09000 	C:\WINDOWS\System32\cfgmgr32.dll
0x00007ffcc6d30000 - 0x00007ffcc6d3f000 	D:\Java\jdk9.0.4\bin\verify.dll
0x00007ffcc6660000 - 0x00007ffcc6687000 	D:\Java\jdk9.0.4\bin\java.dll
0x00007ffcc16a0000 - 0x00007ffcc16ca000 	D:\Java\jdk9.0.4\bin\instrument.dll
0x00007ffcc6640000 - 0x00007ffcc6656000 	D:\Java\jdk9.0.4\bin\zip.dll
0x00007ffcc6a50000 - 0x00007ffcc6a5a000 	D:\Java\jdk9.0.4\bin\jimage.dll
0x00007ffcd60d0000 - 0x00007ffcd6299000 	C:\WINDOWS\SYSTEM32\dbghelp.dll

VM Arguments:
jvm_args: -XX:TieredStopAtLevel=1 -Xverify:none -Dspring.output.ansi.enabled=always -Dcom.sun.management.jmxremote -Dspring.jmx.enabled=true -Dspring.liveBeansView.mbeanDomain -Dspring.application.admin.enabled=true -javaagent:D:\IDEA\IntelliJ IDEA 2019.3.1\lib\idea_rt.jar=62122:D:\IDEA\IntelliJ IDEA 2019.3.1\bin -Dfile.encoding=UTF-8 
java_command: com.guineap_pig_329.guinea_pig.GuineaPigApplication
java_class_path (initial): D:\IDEA\MutekiGamer\guinea_pig\target\classes;D:\download\IDEA\localwarehouse\org\springframework\boot\spring-boot-starter-data-jpa\2.2.2.RELEASE\spring-boot-starter-data-jpa-2.2.2.RELEASE.jar;D:\download\IDEA\localwarehouse\org\springframework\boot\spring-boot-starter-aop\2.2.2.RELEASE\spring-boot-starter-aop-2.2.2.RELEASE.jar;D:\download\IDEA\localwarehouse\org\springframework\spring-aop\5.2.2.RELEASE\spring-aop-5.2.2.RELEASE.jar;D:\download\IDEA\localwarehouse\org\aspectj\aspectjweaver\1.9.5\aspectjweaver-1.9.5.jar;D:\download\IDEA\localwarehouse\jakarta\activation\jakarta.activation-api\1.2.1\jakarta.activation-api-1.2.1.jar;D:\download\IDEA\localwarehouse\jakarta\persistence\jakarta.persistence-api\2.2.3\jakarta.persistence-api-2.2.3.jar;D:\download\IDEA\localwarehouse\jakarta\transaction\jakarta.transaction-api\1.3.3\jakarta.transaction-api-1.3.3.jar;D:\download\IDEA\localwarehouse\org\hibernate\hibernate-core\5.4.9.Final\hibernate-core-5.4.9.Final.jar;D:\download\IDEA\localwarehouse\org\jboss\logging\jboss-logging\3.4.1.Final\jboss-logging-3.4.1.Final.jar;D:\download\IDEA\localwarehouse\org\javassist\javassist\3.24.0-GA\javassist-3.24.0-GA.jar;D:\download\IDEA\localwarehouse\net\bytebuddy\byte-buddy\1.10.4\byte-buddy-1.10.4.jar;D:\download\IDEA\localwarehouse\antlr\antlr\2.7.7\antlr-2.7.7.jar;D:\download\IDEA\localwarehouse\org\jboss\jandex\2.1.1.Final\jandex-2.1.1.Final.jar;D:\download\IDEA\localwarehouse\com\fasterxml\classmate\1.5.1\classmate-1.5.1.jar;D:\download\IDEA\localwarehouse\org\dom4j\dom4j\2.1.1\dom4j-2.1.1.jar;D:\download\IDEA\localwarehouse\org\hibernate\common\hibernate-commons-annotations\5.1.0.Final\hibernate-commons-annotations-5.1.0.Final.jar;D:\download\IDEA\localwarehouse\org\glassfish\jaxb\jaxb-runtime\2.3.2\jaxb-runtime-2.3.2.jar;D:\download\IDEA\localwarehouse\org\glassfish\jaxb\txw2\2.3.2\txw2-2.3.2.jar;D:\download\IDEA\localwarehouse\com\sun\istack\istack-commons-runtime\3.0.8\istack-commons-runtime-3.0.
Launcher Type: SUN_STANDARD

Logging:
Log output configuration:
#0: stdout all=warning uptime,level,tags
#1: stderr all=off uptime,level,tags

Environment Variables:
JAVA_HOME=D:\Java\jdk9.0.4
JRE_HOME=D:\Java\jre9.0.4
CLASSPATH=.;D:\Java\jdk9.0.4\lib\dt.jar;D:\Java\jdk9.0.4\lib\tools.jar;D:\download\IDEA\apache-tomcat-7.0.99\lib\servlet-api.jar;
PATH=C:\WINDOWS\system32;C:\Program Files (x86)\MySQL\MySQL Server 5.1\bin;D:\download\IDEA\apache-maven-3.6.3\bin;D:\Java\jdk9.0.4\bin;D:\Java\jdk9.0.4\jre\bin;D:\SQ;\共享功能目录x86\120\Tools\Binn\ManagementStudio\;D:\SQ;\共享功能目录x86\120\Tools\Binn\;D:\SQ;\共享功能目录\120\Tools\Binn\;D:\SQ;\共享功能目录x86\120\DTS\Binn\;D:\SQ;\共享功能目录\120\DTS\Binn\;%Syst;mRoot%\system32;C:\WINDOWS;C:\WINDOWS\System32\Wbem;C:\WINDOWS\System32\WindowsPowerShell\v1.0\;C:\WINDOWS\System32\OpenSSH\;C:\Program Files\dotnet\;D:\download\IDEA\apache-tomcat-7.0.99\bin;D:\download\IDEA\apache-tomcat-7.0.99\lib;D:\IDEA\Git\cmd;C:\Program Files\MySQL\MySQL Server 8.0\bin;D:\download\IDEA\apache-maven-3.6.3\bin;C:\Users\骄阳\AppData\Local\Microsoft\WindowsApps;;D:\IDEA\IntelliJ IDEA 2019.3.1\bin;
USERNAME=骄阳
OS=Windows_NT
PROCESSOR_IDENTIFIER=Intel64 Family 6 Model 78 Stepping 3, GenuineIntel



---------------  S Y S T E M  ---------------

OS: Windows 10 , 64 bit Build 17134 (10.0.17134.753)

CPU:total 4 (initial active 4) (2 cores per cpu, 2 threads per core) family 6 model 78 stepping 3, cmov, cx8, fxsr, mmx, sse, sse2, sse3, ssse3, sse4.1, sse4.2, popcnt, avx, avx2, aes, clmul, erms, 3dnowpref, lzcnt, ht, tsc, tscinvbit, bmi1, bmi2, adx, fma

Memory: 4k page, physical 4075660k(758716k free), swap 10292492k(52900k free)

vm_info: Java HotSpot(TM) 64-Bit Server VM (9.0.4+11) for windows-amd64 JRE (9.0.4+11), built on Dec 20 2017 02:18:54 by "mach5one" with MS VC++ 12.0 (VS2013)

END.
